make all --print-data-base --no-builtin-variables --no-builtin-rules --question
# GNU Make 3.81
# Copyright (C) 2006  Free Software Foundation, Inc.
# This is free software; see the source for copying conditions.
# There is NO warranty; not even for MERCHANTABILITY or FITNESS FOR A
# PARTICULAR PURPOSE.

# This program built for i386-apple-darwin11.3.0
 
make: *** No rule to make target `all'.  Stop.
 

# Make data base, printed on Wed Mar  3 16:28:37 2021

# Variables

# automatic
<D = $(patsubst %/,%,$(dir $<))
# automatic
?F = $(notdir $?)
# environment
VSCODE_LOG_NATIVE = false
# automatic
?D = $(patsubst %/,%,$(dir $?))
# automatic
@D = $(patsubst %/,%,$(dir $@))
# automatic
@F = $(notdir $@)
# makefile
CURDIR := /Users/bwalsh4/Documents/Grad School/AOE 6145/Quasi-1D-Nozzle
# makefile
SHELL = /bin/sh
# environment
VSCODE_NLS_CONFIG = {"locale":"en-us","availableLanguages":{},"_languagePackSupport":true}
# environment
_ = /usr/bin/make
# makefile (from `Makefile', line 2)
CFLAGS = -std=c++17 -Wall
# makefile (from `Makefile', line 1)
MAKEFILE_LIST :=  Makefile
# environment
VSCODE_NODE_CACHED_DATA_DIR = /Users/bwalsh4/Library/Application Support/Code/CachedData/622cb03f7e070a9670c94bae1a45d78d7181fbd4
# environment
VSCODE_VERBOSE_LOGGING = true
# environment
VSCODE_IPC_HOOK_EXTHOST = /var/folders/fh/0mdg0gy97y940jwf2p7396y00000gn/T/vscode-ipc-518b6d79-7cea-4ecf-8f43-04372ac3e543.sock
# environment
PATH = /Library/Frameworks/Python.framework/Versions/3.7/bin:/usr/local/bin:/usr/bin:/bin:/usr/sbin:/sbin:/usr/local/share/dotnet:/opt/X11/bin:/Library/Frameworks/Mono.framework/Versions/Current/Commands:/Applications/Xamarin Workbooks.app/Contents/SharedSupport/path-bin
# environment
VSCODE_LOG_STACK = false
# environment
ELECTRON_RUN_AS_NODE = 1
# default
.FEATURES := target-specific order-only second-expansion else-if archives jobserver check-symlink
# environment
SSH_AUTH_SOCK = /private/tmp/com.apple.launchd.LXItDvF5si/Listeners
# automatic
%F = $(notdir $%)
# environment
DISPLAY = /private/tmp/com.apple.launchd.QnBKO5ZrKG/org.macosforge.xquartz:0
# environment
VSCODE_PIPE_LOGGING = true
# environment
PWD = /Users/bwalsh4/Documents/Grad School/AOE 6145/Quasi-1D-Nozzle
# environment
ORIGINAL_XDG_CURRENT_DESKTOP = undefined
# environment
VSCODE_AMD_ENTRYPOINT = vs/workbench/services/extensions/node/extensionHostProcess
# environment
HOME = /Users/bwalsh4
# default
MAKEFILEPATH = $(shell /usr/bin/xcode-select -print-path 2>/dev/null || echo /Developer)/Makefiles
# environment
LOGNAME = bwalsh4
# environment
APPLICATION_INSIGHTS_NO_DIAGNOSTIC_CHANNEL = true
# environment
VSCODE_HANDLES_UNCAUGHT_ERRORS = true
# automatic
^D = $(patsubst %/,%,$(dir $^))
# environment
XPC_FLAGS = 0x0
# default
MAKE = $(MAKE_COMMAND)
# default
MAKECMDGOALS := all
# environment
SHLVL = 2
# makefile (from `Makefile', line 1)
CC = g++
# default
MAKE_VERSION := 3.81
# environment
USER = bwalsh4
# makefile
.DEFAULT_GOAL := main
# automatic
%D = $(patsubst %/,%,$(dir $%))
# default
MAKE_COMMAND := /Library/Developer/CommandLineTools/usr/bin/make
# default
.VARIABLES := 
# environment
TMPDIR = /var/folders/fh/0mdg0gy97y940jwf2p7396y00000gn/T/
# automatic
*F = $(notdir $*)
# environment
VSCODE_IPC_HOOK = /Users/bwalsh4/Library/Application Support/Code/1.53.2-main.sock
# makefile
MAKEFLAGS = Rrqp
# environment
MFLAGS = -Rrqp
# automatic
*D = $(patsubst %/,%,$(dir $*))
# environment
XPC_SERVICE_NAME = com.microsoft.VSCode.8440
# automatic
+D = $(patsubst %/,%,$(dir $+))
# automatic
+F = $(notdir $+)
# environment
__CF_USER_TEXT_ENCODING = 0x1F5:0x0:0x0
# default
MAKEFILES := 
# automatic
<F = $(notdir $<)
# automatic
^F = $(notdir $^)
# default
SUFFIXES := 
# default
.INCLUDE_DIRS = /usr/local/include
# environment
MAKELEVEL := 0
# environment
VSCODE_PID = 60274
# variable set hash-table stats:
# Load=60/1024=6%, Rehash=0, Collisions=1/84=1%

# Pattern-specific Variable Values

# No pattern-specific variable values.

# Directories

# . (device 16777222, inode 8624281870): 48 files, no impossibilities.

# 48 files, no impossibilities in 1 directories.

# Implicit Rules

# No implicit rules.

# Files

# Not a target:
TimeStep.hpp:
#  Implicit rule search has not been done.
#  Modification time never checked.
#  File has not been updated.

Initial_Boundary_Conditions.o: Initial_Boundary_Conditions.hpp Initial_Boundary_Conditions.cpp
#  Implicit rule search has not been done.
#  Modification time never checked.
#  File has not been updated.
#  commands to execute (from `Makefile', line 14):
	$(CC) $(CFLAGS) -c Initial_Boundary_Conditions.cpp 
	

# Not a target:
Source_Term.cpp:
#  Implicit rule search has not been done.
#  Modification time never checked.
#  File has not been updated.

# Not a target:
SoundSpeed.hpp:
#  Implicit rule search has not been done.
#  Modification time never checked.
#  File has not been updated.

# Not a target:
all:
#  Command-line target.
#  Implicit rule search has been done.
#  File does not exist.
#  File has not been updated.
# variable set hash-table stats:
# Load=0/32=0%, Rehash=0, Collisions=0/0=0%

# Not a target:
Norm.cpp:
#  Implicit rule search has not been done.
#  Modification time never checked.
#  File has not been updated.

Unit_Testing: Unit_Testing.o Geometry.o Initial_Boundary_Conditions.o Exact_Isentropic.o SoundSpeed.o TimeStep.o VariableSwap.o Flux.o Artificial_Dissipation.o Source_Term.o Norm.o
#  Implicit rule search has not been done.
#  Modification time never checked.
#  File has not been updated.
#  commands to execute (from `Makefile', line 8):
	$(CC) $(CFLAGS) -o Unit_Testing Unit_Testing.o Geometry.o Initial_Boundary_Conditions.o Exact_Isentropic.o SoundSpeed.o TimeStep.o VariableSwap.o Flux.o Artificial_Dissipation.o Source_Term.o Norm.o
	

# Not a target:
Unit_Testing.o:
#  Implicit rule search has not been done.
#  Modification time never checked.
#  File has not been updated.

# Not a target:
Exact_Isentropic.cpp:
#  Implicit rule search has not been done.
#  Modification time never checked.
#  File has not been updated.

# Not a target:
Source_Term.hpp:
#  Implicit rule search has not been done.
#  Modification time never checked.
#  File has not been updated.

# Not a target:
Norm.hpp:
#  Implicit rule search has not been done.
#  Modification time never checked.
#  File has not been updated.

Artifical_Dissipation.o: Artificial_Dissipation.hpp Artificial_Dissipation.cpp
#  Implicit rule search has not been done.
#  Modification time never checked.
#  File has not been updated.
#  commands to execute (from `Makefile', line 32):
	$(CC) $(CFLAGS) -c Artificial_Dissipation.cpp
	

# Not a target:
.SUFFIXES:
#  Implicit rule search has not been done.
#  Modification time never checked.
#  File has not been updated.

# Not a target:
Makefile:
#  Implicit rule search has been done.
#  Last modified 2021-03-03 16:28:02
#  File has been updated.
#  Successfully updated.
# variable set hash-table stats:
# Load=0/32=0%, Rehash=0, Collisions=0/0=0%

# Not a target:
Flux.cpp:
#  Implicit rule search has not been done.
#  Modification time never checked.
#  File has not been updated.

TimeStep.o: TimeStep.hpp TimeStep.cpp
#  Implicit rule search has not been done.
#  Modification time never checked.
#  File has not been updated.
#  commands to execute (from `Makefile', line 23):
	$(CC) $(CFLAGS) -c TimeStep.cpp 
	

# Not a target:
Geometry.cpp:
#  Implicit rule search has not been done.
#  Modification time never checked.
#  File has not been updated.

# Not a target:
Artificial_Dissipation.cpp:
#  Implicit rule search has not been done.
#  Modification time never checked.
#  File has not been updated.

# Not a target:
Exact_Isentropic.hpp:
#  Implicit rule search has not been done.
#  Modification time never checked.
#  File has not been updated.

SoundSpeed.o: SoundSpeed.hpp SoundSpeed.cpp
#  Implicit rule search has not been done.
#  Modification time never checked.
#  File has not been updated.
#  commands to execute (from `Makefile', line 20):
	$(CC) $(CFLAGS) -c SoundSpeed.cpp 
	

# Not a target:
Flux.hpp:
#  Implicit rule search has not been done.
#  Modification time never checked.
#  File has not been updated.

# Not a target:
Geometry.hpp:
#  Implicit rule search has not been done.
#  Modification time never checked.
#  File has not been updated.

# Not a target:
Artificial_Dissipation.hpp:
#  Implicit rule search has not been done.
#  Modification time never checked.
#  File has not been updated.

Source_Term.o: Source_Term.hpp Source_Term.cpp
#  Implicit rule search has not been done.
 
#  Modification time never checked.
#  File has not been updated.
#  commands to execute (from `Makefile', line 35):
	$(CC) $(CFLAGS) -c Source_Term.cpp
	

Norm.o: Norm.hpp Norm.cpp
#  Implicit rule search has not been done.
#  Modification time never checked.
#  File has not been updated.
#  commands to execute (from `Makefile', line 38):
	$(CC) $(CFLAGS) -c Norm.cpp
	

# Not a target:
.DEFAULT:
#  Implicit rule search has not been done.
#  Modification time never checked.
#  File has not been updated.

# Not a target:
Initial_Boundary_Conditions.cpp:
#  Implicit rule search has not been done.
#  Modification time never checked.
#  File has not been updated.

Exact_Isentropic.o: Exact_Isentropic.hpp Exact_Isentropic.cpp
#  Implicit rule search has not been done.
#  Modification time never checked.
#  File has not been updated.
#  commands to execute (from `Makefile', line 17):
	$(CC) $(CFLAGS) -c Exact_Isentropic.cpp
	

# Not a target:
VariableSwap.cpp:
#  Implicit rule search has not been done.
#  Modification time never checked.
#  File has not been updated.

clean:
#  Implicit rule search has not been done.
#  Modification time never checked.
#  File has not been updated.
#  commands to execute (from `Makefile', line 41):
	rm -f core *.o Main Unit_Testing 
	

VariableSwap.o: VariableSwap.hpp VariableSwap.cpp
#  Implicit rule search has not been done.
#  Modification time never checked.
#  File has not been updated.
#  commands to execute (from `Makefile', line 26):
	$(CC) $(CFLAGS) -c VariableSwap.cpp
	

Flux.o: Flux.hpp Flux.cpp
#  Implicit rule search has not been done.
#  Modification time never checked.
#  File has not been updated.
#  commands to execute (from `Makefile', line 29):
	$(CC) $(CFLAGS) -c Flux.cpp 
	

# Not a target:
Main.o:
#  Implicit rule search has not been done.
#  Modification time never checked.
#  File has not been updated.

# Not a target:
Initial_Boundary_Conditions.hpp:
#  Implicit rule search has not been done.
#  Modification time never checked.
#  File has not been updated.

Geometry.o: Geometry.hpp Geometry.cpp
#  Implicit rule search has not been done.
#  Modification time never checked.
#  File has not been updated.
#  commands to execute (from `Makefile', line 11):
	$(CC) $(CFLAGS) -c Geometry.cpp
	

# Not a target:
Artificial_Dissipation.o:
#  Implicit rule search has not been done.
#  Modification time never checked.
#  File has not been updated.

# Not a target:
VariableSwap.hpp:
#  Implicit rule search has not been done.
#  Modification time never checked.
#  File has not been updated.

main: Main.o Geometry.o Initial_Boundary_Conditions.o Exact_Isentropic.o SoundSpeed.o TimeStep.o VariableSwap.o Flux.o Artificial_Dissipation.o Source_Term.o Norm.o
#  Implicit rule search has not been done.
#  Modification time never checked.
#  File has not been updated.
#  commands to execute (from `Makefile', line 5):
	$(CC) $(CFLAGS) -o Main Main.o Geometry.o Initial_Boundary_Conditions.o Exact_Isentropic.o SoundSpeed.o TimeStep.o VariableSwap.o Flux.o Artificial_Dissipation.o Source_Term.o Norm.o
	

# Not a target:
TimeStep.cpp:
#  Implicit rule search has not been done.
#  Modification time never checked.
#  File has not been updated.

# Not a target:
SoundSpeed.cpp:
#  Implicit rule search has not been done.
#  Modification time never checked.
#  File has not been updated.

# files hash-table stats:
# Load=40/1024=4%, Rehash=0, Collisions=4/94=4%
# VPATH Search Paths

# No `vpath' search paths.

# No general (`VPATH' variable) search path.

# # of strings in strcache: 1
# # of strcache buffers: 1
# strcache size: total = 4096 / max = 4096 / min = 4096 / avg = 4096
# strcache free: total = 4087 / max = 4087 / min = 4087 / avg = 4087

# Finished Make data base on Wed Mar  3 16:28:37 2021

 
